max processes per stream 5
tracking stream 1ddf4444-a3c4-11e3-b74c-3ca9f46675e0
creating 1 workers for 1ddf4444-a3c4-11e3-b74c-3ca9f46675e0
created worker 1 32306 1ddf4444-a3c4-11e3-b74c-3ca9f46675e0
creating 1 workers for 1ddf4444-a3c4-11e3-b74c-3ca9f46675e0
created worker 1 32307 1ddf4444-a3c4-11e3-b74c-3ca9f46675e0
creating 1 workers for 1ddf4444-a3c4-11e3-b74c-3ca9f46675e0
created worker 1 32309 1ddf4444-a3c4-11e3-b74c-3ca9f46675e0
creating 1 workers for 1ddf4444-a3c4-11e3-b74c-3ca9f46675e0
created worker 1 32311 1ddf4444-a3c4-11e3-b74c-3ca9f46675e0
creating 1 workers for 1ddf4444-a3c4-11e3-b74c-3ca9f46675e0
created worker 1 32313 1ddf4444-a3c4-11e3-b74c-3ca9f46675e0
processing stream 32311 1ddf4444-a3c4-11e3-b74c-3ca9f46675e0
processing stream 32306 1ddf4444-a3c4-11e3-b74c-3ca9f46675e0
processing stream 32307 1ddf4444-a3c4-11e3-b74c-3ca9f46675e0
processing stream 32313 1ddf4444-a3c4-11e3-b74c-3ca9f46675e0
processing stream 32309 1ddf4444-a3c4-11e3-b74c-3ca9f46675e0
processing job: 32311,  1e23da8c-a3c4-11e3-b4dd-3ca9f46675e0, pow, processing
completed job: 32311, 1e23da8c-a3c4-11e3-b4dd-3ca9f46675e0, pow, ready
processing stream 32311 1ddf4444-a3c4-11e3-b74c-3ca9f46675e0
processing job: 32306,  1e5044d2-a3c4-11e3-b4dd-3ca9f46675e0, pow, processing
completed job: 32306, 1e5044d2-a3c4-11e3-b4dd-3ca9f46675e0, pow, ready
processing stream 32306 1ddf4444-a3c4-11e3-b74c-3ca9f46675e0
processing job: 32313,  1e77194a-a3c4-11e3-b4dd-3ca9f46675e0, pow, processing
completed job: 32313, 1e77194a-a3c4-11e3-b4dd-3ca9f46675e0, pow, ready
processing stream 32313 1ddf4444-a3c4-11e3-b74c-3ca9f46675e0
processing job: 32307,  1e9de4da-a3c4-11e3-b4dd-3ca9f46675e0, pow, processing
completed job: 32307, 1e9de4da-a3c4-11e3-b4dd-3ca9f46675e0, pow, ready
processing stream 32307 1ddf4444-a3c4-11e3-b74c-3ca9f46675e0
processing job: 32309,  1ec44314-a3c4-11e3-b4dd-3ca9f46675e0, pow, processing
completed job: 32309, 1ec44314-a3c4-11e3-b4dd-3ca9f46675e0, pow, ready
processing stream 32309 1ddf4444-a3c4-11e3-b74c-3ca9f46675e0
processing job: 32311,  1eea9302-a3c4-11e3-b4dd-3ca9f46675e0, pow, processing
completed job: 32311, 1eea9302-a3c4-11e3-b4dd-3ca9f46675e0, pow, ready
processing stream 32311 1ddf4444-a3c4-11e3-b74c-3ca9f46675e0
processing job: 32306,  1f10dcb0-a3c4-11e3-b4dd-3ca9f46675e0, pow, processing
completed job: 32306, 1f10dcb0-a3c4-11e3-b4dd-3ca9f46675e0, pow, ready
processing stream 32306 1ddf4444-a3c4-11e3-b74c-3ca9f46675e0
processing job: 32313,  1f378fb8-a3c4-11e3-b4dd-3ca9f46675e0, pow, processing
completed job: 32313, 1f378fb8-a3c4-11e3-b4dd-3ca9f46675e0, pow, ready
processing stream 32313 1ddf4444-a3c4-11e3-b74c-3ca9f46675e0
processing job: 32307,  1f5decd0-a3c4-11e3-b4dd-3ca9f46675e0, pow, processing
completed job: 32307, 1f5decd0-a3c4-11e3-b4dd-3ca9f46675e0, pow, ready
processing stream 32307 1ddf4444-a3c4-11e3-b74c-3ca9f46675e0
processing job: 32309,  1f844a2e-a3c4-11e3-b4dd-3ca9f46675e0, pow, processing
completed job: 32309, 1f844a2e-a3c4-11e3-b4dd-3ca9f46675e0, pow, ready
processing stream 32309 1ddf4444-a3c4-11e3-b74c-3ca9f46675e0
processing job: 32311,  1faaa976-a3c4-11e3-b4dd-3ca9f46675e0, pow, processing
completed job: 32311, 1faaa976-a3c4-11e3-b4dd-3ca9f46675e0, pow, ready
processing stream 32311 1ddf4444-a3c4-11e3-b74c-3ca9f46675e0
processing job: 32306,  1fd10774-a3c4-11e3-b4dd-3ca9f46675e0, pow, processing
completed job: 32306, 1fd10774-a3c4-11e3-b4dd-3ca9f46675e0, pow, ready
processing stream 32306 1ddf4444-a3c4-11e3-b74c-3ca9f46675e0
processing job: 32313,  1ff76608-a3c4-11e3-b4dd-3ca9f46675e0, pow, processing
completed job: 32313, 1ff76608-a3c4-11e3-b4dd-3ca9f46675e0, pow, ready
processing stream 32313 1ddf4444-a3c4-11e3-b74c-3ca9f46675e0
processing job: 32307,  201dc0dc-a3c4-11e3-b4dd-3ca9f46675e0, pow, processing
completed job: 32307, 201dc0dc-a3c4-11e3-b4dd-3ca9f46675e0, pow, ready
processing stream 32307 1ddf4444-a3c4-11e3-b74c-3ca9f46675e0
processing job: 32309,  20441fb6-a3c4-11e3-b4dd-3ca9f46675e0, pow, processing
completed job: 32309, 20441fb6-a3c4-11e3-b4dd-3ca9f46675e0, pow, ready
processing stream 32309 1ddf4444-a3c4-11e3-b74c-3ca9f46675e0
processing job: 32311,  206a780a-a3c4-11e3-b4dd-3ca9f46675e0, pow, processing
completed job: 32311, 206a780a-a3c4-11e3-b4dd-3ca9f46675e0, pow, ready
processing stream 32311 1ddf4444-a3c4-11e3-b74c-3ca9f46675e0
processing job: 32306,  2090ce60-a3c4-11e3-b4dd-3ca9f46675e0, pow, processing
completed job: 32306, 2090ce60-a3c4-11e3-b4dd-3ca9f46675e0, pow, ready
processing stream 32306 1ddf4444-a3c4-11e3-b74c-3ca9f46675e0
processing job: 32313,  20b729a2-a3c4-11e3-b4dd-3ca9f46675e0, pow, processing
completed job: 32313, 20b729a2-a3c4-11e3-b4dd-3ca9f46675e0, pow, ready
processing stream 32313 1ddf4444-a3c4-11e3-b74c-3ca9f46675e0
processing job: 32307,  20dd8610-a3c4-11e3-b4dd-3ca9f46675e0, pow, processing
completed job: 32307, 20dd8610-a3c4-11e3-b4dd-3ca9f46675e0, pow, ready
processing stream 32307 1ddf4444-a3c4-11e3-b74c-3ca9f46675e0
processing job: 32309,  2103e044-a3c4-11e3-b4dd-3ca9f46675e0, pow, processing
completed job: 32309, 2103e044-a3c4-11e3-b4dd-3ca9f46675e0, pow, ready
processing stream 32309 1ddf4444-a3c4-11e3-b74c-3ca9f46675e0
processing job: 32311,  212a3906-a3c4-11e3-b4dd-3ca9f46675e0, pow, processing
completed job: 32311, 212a3906-a3c4-11e3-b4dd-3ca9f46675e0, pow, ready
processing stream 32311 1ddf4444-a3c4-11e3-b74c-3ca9f46675e0
processing job: 32306,  2150909c-a3c4-11e3-b4dd-3ca9f46675e0, pow, processing
completed job: 32306, 2150909c-a3c4-11e3-b4dd-3ca9f46675e0, pow, ready
processing stream 32306 1ddf4444-a3c4-11e3-b74c-3ca9f46675e0
processing job: 32313,  2176ed78-a3c4-11e3-b4dd-3ca9f46675e0, pow, processing
completed job: 32313, 2176ed78-a3c4-11e3-b4dd-3ca9f46675e0, pow, ready
processing stream 32313 1ddf4444-a3c4-11e3-b74c-3ca9f46675e0
processing job: 32307,  219d404a-a3c4-11e3-b4dd-3ca9f46675e0, pow, processing
completed job: 32307, 219d404a-a3c4-11e3-b4dd-3ca9f46675e0, pow, ready
processing stream 32307 1ddf4444-a3c4-11e3-b74c-3ca9f46675e0
processing job: 32309,  21c3ac76-a3c4-11e3-b4dd-3ca9f46675e0, pow, processing
completed job: 32309, 21c3ac76-a3c4-11e3-b4dd-3ca9f46675e0, pow, ready
processing stream 32309 1ddf4444-a3c4-11e3-b74c-3ca9f46675e0
processing job: 32311,  21ea07b8-a3c4-11e3-b4dd-3ca9f46675e0, pow, processing
completed job: 32311, 21ea07b8-a3c4-11e3-b4dd-3ca9f46675e0, pow, ready
processing stream 32311 1ddf4444-a3c4-11e3-b74c-3ca9f46675e0
processing job: 32306,  221063ea-a3c4-11e3-b4dd-3ca9f46675e0, pow, processing
completed job: 32306, 221063ea-a3c4-11e3-b4dd-3ca9f46675e0, pow, ready
processing stream 32306 1ddf4444-a3c4-11e3-b74c-3ca9f46675e0
processing job: 32313,  2236c2c4-a3c4-11e3-b4dd-3ca9f46675e0, pow, processing
completed job: 32313, 2236c2c4-a3c4-11e3-b4dd-3ca9f46675e0, pow, ready
processing stream 32313 1ddf4444-a3c4-11e3-b74c-3ca9f46675e0
processing job: 32307,  225d1f00-a3c4-11e3-b4dd-3ca9f46675e0, pow, processing
completed job: 32307, 225d1f00-a3c4-11e3-b4dd-3ca9f46675e0, pow, ready
processing stream 32307 1ddf4444-a3c4-11e3-b74c-3ca9f46675e0
processing job: 32309,  228371dc-a3c4-11e3-b4dd-3ca9f46675e0, pow, processing
completed job: 32309, 228371dc-a3c4-11e3-b4dd-3ca9f46675e0, pow, ready
processing stream 32309 1ddf4444-a3c4-11e3-b74c-3ca9f46675e0
processing job: 32311,  22a9cde6-a3c4-11e3-b4dd-3ca9f46675e0, pow, processing
completed job: 32311, 22a9cde6-a3c4-11e3-b4dd-3ca9f46675e0, pow, ready
processing stream 32311 1ddf4444-a3c4-11e3-b74c-3ca9f46675e0
processing job: 32306,  22d015c8-a3c4-11e3-b4dd-3ca9f46675e0, pow, processing
completed job: 32306, 22d015c8-a3c4-11e3-b4dd-3ca9f46675e0, pow, ready
processing stream 32306 1ddf4444-a3c4-11e3-b74c-3ca9f46675e0
processing job: 32313,  22f66a84-a3c4-11e3-b4dd-3ca9f46675e0, pow, processing
completed job: 32313, 22f66a84-a3c4-11e3-b4dd-3ca9f46675e0, pow, ready
processing stream 32313 1ddf4444-a3c4-11e3-b74c-3ca9f46675e0
processing job: 32307,  231cc0bc-a3c4-11e3-b4dd-3ca9f46675e0, pow, processing
completed job: 32307, 231cc0bc-a3c4-11e3-b4dd-3ca9f46675e0, pow, ready
processing stream 32307 1ddf4444-a3c4-11e3-b74c-3ca9f46675e0
processing job: 32309,  23431fc8-a3c4-11e3-b4dd-3ca9f46675e0, pow, processing
completed job: 32309, 23431fc8-a3c4-11e3-b4dd-3ca9f46675e0, pow, ready
processing stream 32309 1ddf4444-a3c4-11e3-b74c-3ca9f46675e0
processing job: 32311,  23697ba0-a3c4-11e3-b4dd-3ca9f46675e0, pow, processing
completed job: 32311, 23697ba0-a3c4-11e3-b4dd-3ca9f46675e0, pow, ready
processing stream 32311 1ddf4444-a3c4-11e3-b74c-3ca9f46675e0
processing job: 32306,  238fda84-a3c4-11e3-b4dd-3ca9f46675e0, pow, processing
completed job: 32306, 238fda84-a3c4-11e3-b4dd-3ca9f46675e0, pow, ready
processing stream 32306 1ddf4444-a3c4-11e3-b74c-3ca9f46675e0
processing job: 32313,  23b63580-a3c4-11e3-b4dd-3ca9f46675e0, pow, processing
completed job: 32313, 23b63580-a3c4-11e3-b4dd-3ca9f46675e0, pow, ready
processing stream 32313 1ddf4444-a3c4-11e3-b74c-3ca9f46675e0
processing job: 32307,  23dc86ea-a3c4-11e3-b4dd-3ca9f46675e0, pow, processing
completed job: 32307, 23dc86ea-a3c4-11e3-b4dd-3ca9f46675e0, pow, ready
processing stream 32307 1ddf4444-a3c4-11e3-b74c-3ca9f46675e0
processing job: 32309,  2402d624-a3c4-11e3-b4dd-3ca9f46675e0, pow, processing
completed job: 32309, 2402d624-a3c4-11e3-b4dd-3ca9f46675e0, pow, ready
processing stream 32309 1ddf4444-a3c4-11e3-b74c-3ca9f46675e0
processing job: 32311,  242922e8-a3c4-11e3-b4dd-3ca9f46675e0, pow, processing
completed job: 32311, 242922e8-a3c4-11e3-b4dd-3ca9f46675e0, pow, ready
processing stream 32311 1ddf4444-a3c4-11e3-b74c-3ca9f46675e0
processing job: 32306,  244f7cae-a3c4-11e3-b4dd-3ca9f46675e0, pow, processing
completed job: 32306, 244f7cae-a3c4-11e3-b4dd-3ca9f46675e0, pow, ready
processing stream 32306 1ddf4444-a3c4-11e3-b74c-3ca9f46675e0
processing job: 32313,  2475c1a2-a3c4-11e3-b4dd-3ca9f46675e0, pow, processing
completed job: 32313, 2475c1a2-a3c4-11e3-b4dd-3ca9f46675e0, pow, ready
processing stream 32313 1ddf4444-a3c4-11e3-b74c-3ca9f46675e0
processing job: 32307,  249c04fc-a3c4-11e3-b4dd-3ca9f46675e0, pow, processing
completed job: 32307, 249c04fc-a3c4-11e3-b4dd-3ca9f46675e0, pow, ready
processing stream 32307 1ddf4444-a3c4-11e3-b74c-3ca9f46675e0
processing job: 32309,  24c24428-a3c4-11e3-b4dd-3ca9f46675e0, pow, processing
completed job: 32309, 24c24428-a3c4-11e3-b4dd-3ca9f46675e0, pow, ready
processing stream 32309 1ddf4444-a3c4-11e3-b74c-3ca9f46675e0
processing job: 32311,  24e8864c-a3c4-11e3-b4dd-3ca9f46675e0, pow, processing
completed job: 32311, 24e8864c-a3c4-11e3-b4dd-3ca9f46675e0, pow, ready
processing stream 32311 1ddf4444-a3c4-11e3-b74c-3ca9f46675e0
processing job: 32306,  250ede8c-a3c4-11e3-b4dd-3ca9f46675e0, pow, processing
completed job: 32306, 250ede8c-a3c4-11e3-b4dd-3ca9f46675e0, pow, ready
processing stream 32306 1ddf4444-a3c4-11e3-b74c-3ca9f46675e0
processing job: 32313,  25353262-a3c4-11e3-b4dd-3ca9f46675e0, pow, processing
completed job: 32313, 25353262-a3c4-11e3-b4dd-3ca9f46675e0, pow, ready
processing stream 32313 1ddf4444-a3c4-11e3-b74c-3ca9f46675e0
processing job: 32307,  255b8fd4-a3c4-11e3-b4dd-3ca9f46675e0, pow, processing
completed job: 32307, 255b8fd4-a3c4-11e3-b4dd-3ca9f46675e0, pow, ready
processing stream 32307 1ddf4444-a3c4-11e3-b74c-3ca9f46675e0
processing job: 32309,  2581e706-a3c4-11e3-b4dd-3ca9f46675e0, pow, processing
completed job: 32309, 2581e706-a3c4-11e3-b4dd-3ca9f46675e0, pow, ready
processing stream 32309 1ddf4444-a3c4-11e3-b74c-3ca9f46675e0
processing job: 32311,  25a83f50-a3c4-11e3-b4dd-3ca9f46675e0, pow, processing
completed job: 32311, 25a83f50-a3c4-11e3-b4dd-3ca9f46675e0, pow, ready
processing stream 32311 1ddf4444-a3c4-11e3-b74c-3ca9f46675e0
processing job: 32306,  25ce91be-a3c4-11e3-b4dd-3ca9f46675e0, pow, processing
completed job: 32306, 25ce91be-a3c4-11e3-b4dd-3ca9f46675e0, pow, ready
processing stream 32306 1ddf4444-a3c4-11e3-b74c-3ca9f46675e0
processing job: 32313,  25f4e526-a3c4-11e3-b4dd-3ca9f46675e0, pow, processing
completed job: 32313, 25f4e526-a3c4-11e3-b4dd-3ca9f46675e0, pow, ready
processing stream 32313 1ddf4444-a3c4-11e3-b74c-3ca9f46675e0
processing job: 32307,  261b4914-a3c4-11e3-b4dd-3ca9f46675e0, pow, processing
completed job: 32307, 261b4914-a3c4-11e3-b4dd-3ca9f46675e0, pow, ready
processing stream 32307 1ddf4444-a3c4-11e3-b74c-3ca9f46675e0
processing job: 32309,  2641b9aa-a3c4-11e3-b4dd-3ca9f46675e0, pow, processing
completed job: 32309, 2641b9aa-a3c4-11e3-b4dd-3ca9f46675e0, pow, ready
processing stream 32309 1ddf4444-a3c4-11e3-b74c-3ca9f46675e0
processing job: 32311,  2667f886-a3c4-11e3-b4dd-3ca9f46675e0, pow, processing
completed job: 32311, 2667f886-a3c4-11e3-b4dd-3ca9f46675e0, pow, ready
processing stream 32311 1ddf4444-a3c4-11e3-b74c-3ca9f46675e0
processing job: 32306,  268e3cf8-a3c4-11e3-b4dd-3ca9f46675e0, pow, processing
completed job: 32306, 268e3cf8-a3c4-11e3-b4dd-3ca9f46675e0, pow, ready
processing stream 32306 1ddf4444-a3c4-11e3-b74c-3ca9f46675e0
processing job: 32313,  26b481d8-a3c4-11e3-b4dd-3ca9f46675e0, pow, processing
completed job: 32313, 26b481d8-a3c4-11e3-b4dd-3ca9f46675e0, pow, ready
processing stream 32313 1ddf4444-a3c4-11e3-b74c-3ca9f46675e0
processing job: 32307,  26dac820-a3c4-11e3-b4dd-3ca9f46675e0, pow, processing
completed job: 32307, 26dac820-a3c4-11e3-b4dd-3ca9f46675e0, pow, ready
processing stream 32307 1ddf4444-a3c4-11e3-b74c-3ca9f46675e0
processing job: 32309,  27011cf0-a3c4-11e3-b4dd-3ca9f46675e0, pow, processing
completed job: 32309, 27011cf0-a3c4-11e3-b4dd-3ca9f46675e0, pow, ready
processing stream 32309 1ddf4444-a3c4-11e3-b74c-3ca9f46675e0
processing job: 32311,  27277986-a3c4-11e3-b4dd-3ca9f46675e0, pow, processing
completed job: 32311, 27277986-a3c4-11e3-b4dd-3ca9f46675e0, pow, ready
processing stream 32311 1ddf4444-a3c4-11e3-b74c-3ca9f46675e0
processing job: 32306,  274dca32-a3c4-11e3-b4dd-3ca9f46675e0, pow, processing
completed job: 32306, 274dca32-a3c4-11e3-b4dd-3ca9f46675e0, pow, ready
processing stream 32306 1ddf4444-a3c4-11e3-b74c-3ca9f46675e0
processing job: 32313,  27740ef4-a3c4-11e3-b4dd-3ca9f46675e0, pow, processing
completed job: 32313, 27740ef4-a3c4-11e3-b4dd-3ca9f46675e0, pow, ready
processing stream 32313 1ddf4444-a3c4-11e3-b74c-3ca9f46675e0
processing job: 32307,  279a5fd2-a3c4-11e3-b4dd-3ca9f46675e0, pow, processing
completed job: 32307, 279a5fd2-a3c4-11e3-b4dd-3ca9f46675e0, pow, ready
processing stream 32307 1ddf4444-a3c4-11e3-b74c-3ca9f46675e0
processing job: 32309,  27c09d32-a3c4-11e3-b4dd-3ca9f46675e0, pow, processing
completed job: 32309, 27c09d32-a3c4-11e3-b4dd-3ca9f46675e0, pow, ready
processing stream 32309 1ddf4444-a3c4-11e3-b74c-3ca9f46675e0
processing job: 32311,  27e6f338-a3c4-11e3-b4dd-3ca9f46675e0, pow, processing
completed job: 32311, 27e6f338-a3c4-11e3-b4dd-3ca9f46675e0, pow, ready
processing stream 32311 1ddf4444-a3c4-11e3-b74c-3ca9f46675e0
processing job: 32306,  280d3624-a3c4-11e3-b4dd-3ca9f46675e0, pow, processing
completed job: 32306, 280d3624-a3c4-11e3-b4dd-3ca9f46675e0, pow, ready
processing stream 32306 1ddf4444-a3c4-11e3-b74c-3ca9f46675e0
processing job: 32313,  28337e38-a3c4-11e3-b4dd-3ca9f46675e0, pow, processing
completed job: 32313, 28337e38-a3c4-11e3-b4dd-3ca9f46675e0, pow, ready
processing stream 32313 1ddf4444-a3c4-11e3-b74c-3ca9f46675e0
processing job: 32307,  2859cf5c-a3c4-11e3-b4dd-3ca9f46675e0, pow, processing
completed job: 32307, 2859cf5c-a3c4-11e3-b4dd-3ca9f46675e0, pow, ready
processing stream 32307 1ddf4444-a3c4-11e3-b74c-3ca9f46675e0
processing job: 32309,  28801edc-a3c4-11e3-b4dd-3ca9f46675e0, pow, processing
completed job: 32309, 28801edc-a3c4-11e3-b4dd-3ca9f46675e0, pow, ready
processing stream 32309 1ddf4444-a3c4-11e3-b74c-3ca9f46675e0
processing job: 32311,  28a666e6-a3c4-11e3-b4dd-3ca9f46675e0, pow, processing
completed job: 32311, 28a666e6-a3c4-11e3-b4dd-3ca9f46675e0, pow, ready
processing stream 32311 1ddf4444-a3c4-11e3-b74c-3ca9f46675e0
processing job: 32306,  28cca68a-a3c4-11e3-b4dd-3ca9f46675e0, pow, processing
completed job: 32306, 28cca68a-a3c4-11e3-b4dd-3ca9f46675e0, pow, ready
processing stream 32306 1ddf4444-a3c4-11e3-b74c-3ca9f46675e0
processing job: 32313,  28f2e854-a3c4-11e3-b4dd-3ca9f46675e0, pow, processing
completed job: 32313, 28f2e854-a3c4-11e3-b4dd-3ca9f46675e0, pow, ready
processing stream 32313 1ddf4444-a3c4-11e3-b74c-3ca9f46675e0
processing job: 32307,  29192870-a3c4-11e3-b4dd-3ca9f46675e0, pow, processing
completed job: 32307, 29192870-a3c4-11e3-b4dd-3ca9f46675e0, pow, ready
processing stream 32307 1ddf4444-a3c4-11e3-b74c-3ca9f46675e0
processing job: 32309,  293f7156-a3c4-11e3-b4dd-3ca9f46675e0, pow, processing
completed job: 32309, 293f7156-a3c4-11e3-b4dd-3ca9f46675e0, pow, ready
processing stream 32309 1ddf4444-a3c4-11e3-b74c-3ca9f46675e0
processing job: 32311,  2965b212-a3c4-11e3-b4dd-3ca9f46675e0, pow, processing
completed job: 32311, 2965b212-a3c4-11e3-b4dd-3ca9f46675e0, pow, ready
processing stream 32311 1ddf4444-a3c4-11e3-b74c-3ca9f46675e0
processing job: 32306,  298bf53a-a3c4-11e3-b4dd-3ca9f46675e0, pow, processing
completed job: 32306, 298bf53a-a3c4-11e3-b4dd-3ca9f46675e0, pow, ready
processing stream 32306 1ddf4444-a3c4-11e3-b74c-3ca9f46675e0
processing job: 32313,  29b24776-a3c4-11e3-b4dd-3ca9f46675e0, pow, processing
completed job: 32313, 29b24776-a3c4-11e3-b4dd-3ca9f46675e0, pow, ready
processing stream 32313 1ddf4444-a3c4-11e3-b74c-3ca9f46675e0
processing job: 32307,  29d888d2-a3c4-11e3-b4dd-3ca9f46675e0, pow, processing
completed job: 32307, 29d888d2-a3c4-11e3-b4dd-3ca9f46675e0, pow, ready
processing stream 32307 1ddf4444-a3c4-11e3-b74c-3ca9f46675e0
processing job: 32309,  29fec93e-a3c4-11e3-b4dd-3ca9f46675e0, pow, processing
completed job: 32309, 29fec93e-a3c4-11e3-b4dd-3ca9f46675e0, pow, ready
processing stream 32309 1ddf4444-a3c4-11e3-b74c-3ca9f46675e0
processing job: 32311,  2a250a68-a3c4-11e3-b4dd-3ca9f46675e0, pow, processing
completed job: 32311, 2a250a68-a3c4-11e3-b4dd-3ca9f46675e0, pow, ready
processing stream 32311 1ddf4444-a3c4-11e3-b74c-3ca9f46675e0
processing job: 32306,  2a4b4b06-a3c4-11e3-b4dd-3ca9f46675e0, pow, processing
completed job: 32306, 2a4b4b06-a3c4-11e3-b4dd-3ca9f46675e0, pow, ready
processing stream 32306 1ddf4444-a3c4-11e3-b74c-3ca9f46675e0
processing job: 32313,  2a718d2a-a3c4-11e3-b4dd-3ca9f46675e0, pow, processing
completed job: 32313, 2a718d2a-a3c4-11e3-b4dd-3ca9f46675e0, pow, ready
processing stream 32313 1ddf4444-a3c4-11e3-b74c-3ca9f46675e0
processing job: 32307,  2a97d03e-a3c4-11e3-b4dd-3ca9f46675e0, pow, processing
completed job: 32307, 2a97d03e-a3c4-11e3-b4dd-3ca9f46675e0, pow, ready
processing stream 32307 1ddf4444-a3c4-11e3-b74c-3ca9f46675e0
processing job: 32309,  2abe1410-a3c4-11e3-b4dd-3ca9f46675e0, pow, processing
completed job: 32309, 2abe1410-a3c4-11e3-b4dd-3ca9f46675e0, pow, ready
processing stream 32309 1ddf4444-a3c4-11e3-b74c-3ca9f46675e0
processing job: 32311,  2ae4558a-a3c4-11e3-b4dd-3ca9f46675e0, pow, processing
completed job: 32311, 2ae4558a-a3c4-11e3-b4dd-3ca9f46675e0, pow, ready
processing stream 32311 1ddf4444-a3c4-11e3-b74c-3ca9f46675e0
processing job: 32306,  2b0a97e0-a3c4-11e3-b4dd-3ca9f46675e0, pow, processing
completed job: 32306, 2b0a97e0-a3c4-11e3-b4dd-3ca9f46675e0, pow, ready
processing stream 32306 1ddf4444-a3c4-11e3-b74c-3ca9f46675e0
processing job: 32313,  2b30dc20-a3c4-11e3-b4dd-3ca9f46675e0, pow, processing
completed job: 32313, 2b30dc20-a3c4-11e3-b4dd-3ca9f46675e0, pow, ready
processing stream 32313 1ddf4444-a3c4-11e3-b74c-3ca9f46675e0
processing job: 32307,  2b572394-a3c4-11e3-b4dd-3ca9f46675e0, pow, processing
completed job: 32307, 2b572394-a3c4-11e3-b4dd-3ca9f46675e0, pow, ready
processing stream 32307 1ddf4444-a3c4-11e3-b74c-3ca9f46675e0
processing job: 32309,  2b7d6680-a3c4-11e3-b4dd-3ca9f46675e0, pow, processing
completed job: 32309, 2b7d6680-a3c4-11e3-b4dd-3ca9f46675e0, pow, ready
processing stream 32309 1ddf4444-a3c4-11e3-b74c-3ca9f46675e0
processing job: 32311,  2ba3ad2c-a3c4-11e3-b4dd-3ca9f46675e0, pow, processing
completed job: 32311, 2ba3ad2c-a3c4-11e3-b4dd-3ca9f46675e0, pow, ready
processing stream 32311 1ddf4444-a3c4-11e3-b74c-3ca9f46675e0
processing job: 32306,  2bca01fc-a3c4-11e3-b4dd-3ca9f46675e0, pow, processing
completed job: 32306, 2bca01fc-a3c4-11e3-b4dd-3ca9f46675e0, pow, ready
processing stream 32306 1ddf4444-a3c4-11e3-b74c-3ca9f46675e0
processing job: 32313,  2bf053fc-a3c4-11e3-b4dd-3ca9f46675e0, pow, processing
completed job: 32313, 2bf053fc-a3c4-11e3-b4dd-3ca9f46675e0, pow, ready
processing stream 32313 1ddf4444-a3c4-11e3-b74c-3ca9f46675e0
processing job: 32307,  2c169a94-a3c4-11e3-b4dd-3ca9f46675e0, pow, processing
completed job: 32307, 2c169a94-a3c4-11e3-b4dd-3ca9f46675e0, pow, ready
processing stream 32307 1ddf4444-a3c4-11e3-b74c-3ca9f46675e0
processing job: 32309,  2c3d0a76-a3c4-11e3-b4dd-3ca9f46675e0, pow, processing
completed job: 32309, 2c3d0a76-a3c4-11e3-b4dd-3ca9f46675e0, pow, ready
processing stream 32309 1ddf4444-a3c4-11e3-b74c-3ca9f46675e0
processing job: 32311,  2c6367ac-a3c4-11e3-b4dd-3ca9f46675e0, pow, processing
completed job: 32311, 2c6367ac-a3c4-11e3-b4dd-3ca9f46675e0, pow, ready
processing stream 32311 1ddf4444-a3c4-11e3-b74c-3ca9f46675e0
processing job: 32306,  2c89c870-a3c4-11e3-b4dd-3ca9f46675e0, pow, processing
completed job: 32306, 2c89c870-a3c4-11e3-b4dd-3ca9f46675e0, pow, ready
processing stream 32306 1ddf4444-a3c4-11e3-b74c-3ca9f46675e0
processing job: 32313,  2cb028da-a3c4-11e3-b4dd-3ca9f46675e0, pow, processing
completed job: 32313, 2cb028da-a3c4-11e3-b4dd-3ca9f46675e0, pow, ready
processing stream 32313 1ddf4444-a3c4-11e3-b74c-3ca9f46675e0
processing job: 32307,  2cd685de-a3c4-11e3-b4dd-3ca9f46675e0, pow, processing
completed job: 32307, 2cd685de-a3c4-11e3-b4dd-3ca9f46675e0, pow, ready
processing stream 32307 1ddf4444-a3c4-11e3-b74c-3ca9f46675e0
processing job: 32309,  2cfcdcde-a3c4-11e3-b4dd-3ca9f46675e0, pow, processing
completed job: 32309, 2cfcdcde-a3c4-11e3-b4dd-3ca9f46675e0, pow, ready
processing stream 32309 1ddf4444-a3c4-11e3-b74c-3ca9f46675e0
stopped tracking stream 1ddf4444-a3c4-11e3-b74c-3ca9f46675e0
stream idle 32311 1ddf4444-a3c4-11e3-b74c-3ca9f46675e0
worker dead 32311 1ddf4444-a3c4-11e3-b74c-3ca9f46675e0
stream idle 32306 1ddf4444-a3c4-11e3-b74c-3ca9f46675e0
worker dead 32306 1ddf4444-a3c4-11e3-b74c-3ca9f46675e0
stream idle 32313 1ddf4444-a3c4-11e3-b74c-3ca9f46675e0
worker dead 32313 1ddf4444-a3c4-11e3-b74c-3ca9f46675e0
stream idle 32307 1ddf4444-a3c4-11e3-b74c-3ca9f46675e0
worker dead 32307 1ddf4444-a3c4-11e3-b74c-3ca9f46675e0
stream idle 32309 1ddf4444-a3c4-11e3-b74c-3ca9f46675e0
worker dead 32309 1ddf4444-a3c4-11e3-b74c-3ca9f46675e0
max processes per stream 5
